daliynotification/build/intermediates/manifest_merge_blame_file/debug/manifest-merger-blame-debug-report.txt
1<?xml version="1.0" encoding="utf-8"?>
2<manifest xmlns:android="http://schemas.android.com/apk/res/android"
3    package="com.example.daliynotification" >
4
5    <uses-sdk
6        android:minSdkVersion="15"
6-->src\main\AndroidManifest.xml
7        android:targetSdkVersion="29" />
7-->src\main\AndroidManifest.xml
8
9    <uses-permission android:name="android.permission.RECEIVE_BOOT_COMPLETED" />
9-->src\main\AndroidManifest.xml:3:5-80
9-->src\main\AndroidManifest.xml:3:22-78
10
11    <application>
11-->src\main\AndroidManifest.xml:4:5-20:19
12        <service
12-->src\main\AndroidManifest.xml:7:9-13:19
13            android:name="com.example.daliynotification.NotificationJobService"
13-->src\main\AndroidManifest.xml:8:13-51
14            android:exported="false" >
14-->src\main\AndroidManifest.xml:9:13-37
15            <intent-filter>
15-->src\main\AndroidManifest.xml:10:13-12:29
16                <action android:name="com.firebase.jobdispatcher.ACTION_EXECUTE" />
16-->src\main\AndroidManifest.xml:11:17-84
16-->src\main\AndroidManifest.xml:11:25-81
17            </intent-filter>
18        </service>
19
20        <receiver android:name="com.example.daliynotification.MyBootReceiver" >
20-->src\main\AndroidManifest.xml:15:9-19:20
20-->src\main\AndroidManifest.xml:15:19-49
21            <intent-filter>
21-->src\main\AndroidManifest.xml:16:13-18:29
22                <action android:name="android.intent.action.BOOT_COMPLETED" />
22-->src\main\AndroidManifest.xml:17:17-78
22-->src\main\AndroidManifest.xml:17:25-76
23            </intent-filter>
24        </receiver>
25    </application>
26
27</manifest>